<?xml version="1.0" encoding="UTF-8"?>
<!-- Generated by org.testng.reporters.JUnitReportReporter -->
<testsuite hostname="DESKTOP-VKM30B9" failures="0" tests="1" name="test.EspnCricInfoTest" time="79.890" errors="0" timestamp="2023-03-06T07:18:23 IST" skipped="0">
  <testcase classname="test.EspnCricInfoTest" name="logicsOfCricket" time="79.890"/>
  <system-out/>
</testsuite> <!-- test.EspnCricInfoTest -->
