<?xml version="1.0" encoding="UTF-8"?>
<!-- Generated by org.testng.reporters.JUnitReportReporter -->
<testsuite hostname="DESKTOP-VKM30B9" failures="0" tests="2" name="test.GreenKartTest" time="18.015" errors="0" timestamp="2023-03-06T07:18:23 IST" skipped="0">
  <testcase classname="test.GreenKartTest" name="vegetablePrice" time="10.512"/>
  <system-out/>
  <testcase classname="test.GreenKartTest" name="vegetable" time="7.503"/>
  <system-out/>
</testsuite> <!-- test.GreenKartTest -->
