<?xml version="1.0" encoding="UTF-8"?>
<!-- Generated by org.testng.reporters.JUnitReportReporter -->
<testsuite hostname="DESKTOP-VKM30B9" failures="0" tests="1" name="test.FramesTest" time="28.846" errors="0" timestamp="2023-03-06T07:18:23 IST" skipped="0">
  <testcase classname="test.FramesTest" name="nestedFrames" time="28.846"/>
  <system-out/>
</testsuite> <!-- test.FramesTest -->
