<?xml version="1.0" encoding="UTF-8"?>
<!-- Generated by org.testng.reporters.JUnitReportReporter -->
<testsuite hostname="DESKTOP-VKM30B9" failures="0" tests="2" name="test.AirIndiaTest" time="59.231" errors="0" timestamp="2023-03-06T07:18:23 IST" skipped="0">
  <testcase classname="test.AirIndiaTest" name="ticketBooking" time="28.215"/>
  <system-out/>
  <testcase classname="test.AirIndiaTest" name="ticketBooking" time="31.016"/>
  <system-out/>
</testsuite> <!-- test.AirIndiaTest -->
